<?xml version="1.0" encoding="UTF-8"?>
<!-- Generated by org.testng.reporters.JUnitReportReporter -->
<testsuite hostname="Ankushkumar" failures="0" tests="2" name="Grow_testng.Enable" time="0.014" errors="0" timestamp="2022-06-22T21:20:24 IST" skipped="1">
  <testcase classname="Grow_testng.Enable" name="tc2" time="0.014"/>
  <system-out>
    <![CDATA[from tc2]]>
  </system-out>
  <testcase classname="Grow_testng.Enable" name="tc1">
    <skipped/>
  </testcase> <!-- tc1 -->
  <system-out/>
</testsuite> <!-- Grow_testng.Enable -->
