<?xml version="1.0" encoding="UTF-8"?>
<!-- Generated by org.testng.reporters.JUnitReportReporter -->
<testsuite hostname="Ankushkumar" failures="0" tests="1" name="Test_Ng.Asser_ture" time="0.016" errors="0" timestamp="2022-06-28T22:47:38 IST" skipped="0">
  <testcase classname="Test_Ng.Asser_ture" name="assertrue" time="0.016"/>
  <system-out/>
</testsuite> <!-- Test_Ng.Asser_ture -->
