<?xml version="1.0" encoding="UTF-8"?>
<!-- Generated by org.testng.reporters.JUnitReportReporter -->
<testsuite hostname="Ankushkumar" failures="0" tests="2" name="Test_Ng.Emailable_2" time="0.002" errors="0" timestamp="2022-06-21T23:29:04 IST" skipped="0">
  <testcase classname="Test_Ng.Emailable_2" name="tc2" time="0.001"/>
  <system-out>
    <![CDATA[running from tc 2]]>
  </system-out>
  <testcase classname="Test_Ng.Emailable_2" name="tc1" time="0.001"/>
  <system-out>
    <![CDATA[running from tc1]]>
  </system-out>
</testsuite> <!-- Test_Ng.Emailable_2 -->
