<?xml version="1.0" encoding="UTF-8"?>
<!-- Generated by org.testng.reporters.JUnitReportReporter -->
<testsuite hostname="Ankushkumar" failures="0" tests="3" name="Grow_testng.Emailable_report" time="0.014" errors="0" timestamp="2022-06-20T08:57:03 IST" skipped="0">
  <testcase classname="Grow_testng.Emailable_report" name="Tc1" time="0.010"/>
  <system-out>
    <![CDATA[iam from tc1]]>
  </system-out>
  <testcase classname="Grow_testng.Emailable_report" name="tc2" time="0.002"/>
  <system-out>
    <![CDATA[i am from tc2]]>
  </system-out>
  <testcase classname="Grow_testng.Emailable_report" name="tc3" time="0.002"/>
  <system-out>
    <![CDATA[i am from tc3]]>
  </system-out>
</testsuite> <!-- Grow_testng.Emailable_report -->
