<?xml version="1.0" encoding="UTF-8"?>
<!-- Generated by org.testng.reporters.JUnitReportReporter -->
<testsuite hostname="Ankushkumar" failures="0" tests="1" name="Test_Ng.B" time="0.016" errors="0" timestamp="2022-07-02T14:42:47 IST" skipped="0">
  <testcase classname="Test_Ng.B" name="m1" time="0.016"/>
  <system-out>
    <![CDATA[iam from emailable report]]>
  </system-out>
</testsuite> <!-- Test_Ng.B -->
