<?xml version="1.0" encoding="UTF-8"?>
<!-- Generated by org.testng.reporters.JUnitReportReporter -->
<testsuite hostname="Ankushkumar" failures="0" tests="1" name="Test_Ng.testemail" time="0.008" errors="0" timestamp="2022-07-02T14:48:01 IST" skipped="0">
  <testcase classname="Test_Ng.testemail" name="m1" time="0.008"/>
  <system-out>
    <![CDATA[iam from emailable report]]>
  </system-out>
</testsuite> <!-- Test_Ng.testemail -->
