<?xml version="1.0" encoding="UTF-8"?>
<!-- Generated by org.testng.reporters.JUnitReportReporter -->
<testsuite hostname="Ankushkumar" failures="0" tests="1" name="Grow_testng.Testng_class" time="0.011" errors="0" timestamp="2022-06-19T20:06:55 IST" skipped="0">
  <testcase classname="Grow_testng.Testng_class" name="m1" time="0.011"/>
  <system-out>
    <![CDATA[hello]]>
  </system-out>
</testsuite> <!-- Grow_testng.Testng_class -->
