<?xml version="1.0" encoding="UTF-8"?>
<!-- Generated by org.testng.reporters.JUnitReportReporter -->
<testsuite hostname="Ankushkumar" failures="0" tests="3" name="Raman_bhai.data_provider" time="0.014" errors="0" timestamp="2022-07-16T14:14:05 IST" skipped="0">
  <testcase classname="Raman_bhai.data_provider" name="test01" time="0.002"/>
  <system-out/>
  <testcase classname="Raman_bhai.data_provider" name="test01" time="0.002"/>
  <system-out/>
  <testcase classname="Raman_bhai.data_provider" name="test01" time="0.010"/>
  <system-out/>
</testsuite> <!-- Raman_bhai.data_provider -->
