<?xml version="1.0" encoding="UTF-8"?>
<!-- Generated by org.testng.reporters.JUnitReportReporter -->
<testsuite hostname="Ankushkumar" failures="0" tests="3" name="Grow_testng.Priority" time="0.015" errors="0" timestamp="2022-06-21T22:00:16 IST" skipped="0">
  <testcase classname="Grow_testng.Priority" name="tc3" time="0.012"/>
  <system-out>
    <![CDATA[running from tc3]]>
  </system-out>
  <testcase classname="Grow_testng.Priority" name="tc1" time="0.002"/>
  <system-out>
    <![CDATA[running from tc1]]>
  </system-out>
  <testcase classname="Grow_testng.Priority" name="tc2" time="0.001"/>
  <system-out>
    <![CDATA[trunning from tc2]]>
  </system-out>
</testsuite> <!-- Grow_testng.Priority -->
