<?xml version="1.0" encoding="UTF-8"?>
<!-- Generated by org.testng.reporters.JUnitReportReporter -->
<testsuite hostname="Ankushkumar" failures="0" tests="1" name="Test_Ng.Z" time="0.008" errors="0" timestamp="2022-07-02T15:02:13 IST" skipped="0">
  <testcase classname="Test_Ng.Z" name="tc1" time="0.008"/>
  <system-out>
    <![CDATA[hii how r u]]>
  </system-out>
</testsuite> <!-- Test_Ng.Z -->
