<?xml version="1.0" encoding="UTF-8"?>
<!-- Generated by org.testng.reporters.JUnitReportReporter -->
<testsuite hostname="Ankushkumar" failures="0" tests="1" name="Test_Ng.A" time="0.012" errors="0" timestamp="2022-06-19T10:15:59 IST" skipped="0">
  <testcase classname="Test_Ng.A" name="openApp" time="0.012"/>
  <system-out/>
</testsuite> <!-- Test_Ng.A -->
