<?xml version="1.0" encoding="UTF-8"?>
<!-- Generated by org.testng.reporters.JUnitReportReporter -->
<testsuite hostname="Ankushkumar" failures="0" tests="1" name="B.c" time="0.013" errors="0" timestamp="2022-06-20T20:16:16 IST" skipped="0">
  <testcase classname="B.c" name="m1" time="0.013"/>
  <system-out>
    <![CDATA[Hiii]]>
  </system-out>
</testsuite> <!-- B.c -->
