<?xml version="1.0" encoding="UTF-8"?>
<!-- Generated by org.testng.reporters.JUnitReportReporter -->
<testsuite hostname="Ankushkumar" failures="0" tests="2" name="Test_Ng.Testng_Annotations" time="0.007" errors="0" timestamp="2022-06-21T23:29:04 IST" skipped="0">
  <testcase classname="Test_Ng.Testng_Annotations" name="verifypagetitle" time="0.006"/>
  <system-out>
    <![CDATA[verify title of page]]>
  </system-out>
  <testcase classname="Test_Ng.Testng_Annotations" name="verifyuserid1" time="0.001"/>
  <system-out>
    <![CDATA[verify aser id 1]]>
  </system-out>
</testsuite> <!-- Test_Ng.Testng_Annotations -->
