<?xml version="1.0" encoding="UTF-8"?>
<!-- Generated by org.testng.reporters.JUnitReportReporter -->
<testsuite hostname="Ankushkumar" failures="0" tests="1" name="pom_with_ddf_testng.Kite_Test_class_testng" time="1.349" errors="0" timestamp="2022-07-02T01:25:35 IST" skipped="0">
  <testcase classname="pom_with_ddf_testng.Kite_Test_class_testng" name="verifyid" time="1.349"/>
  <system-out/>
</testsuite> <!-- pom_with_ddf_testng.Kite_Test_class_testng -->
