<?xml version="1.0" encoding="UTF-8"?>
<!-- Generated by org.testng.reporters.JUnitReportReporter -->
<testsuite hostname="Ankushkumar" failures="0" tests="17" name="Grow_testng.Test_ng_keywords" time="0.030" errors="0" timestamp="2022-06-21T21:53:21 IST" skipped="0">
  <testcase classname="Grow_testng.Test_ng_keywords" name="tc1" time="0.012"/>
  <system-out>
    <![CDATA[running from tc1]]>
  </system-out>
  <testcase classname="Grow_testng.Test_ng_keywords" name="tc1" time="0.001"/>
  <system-out>
    <![CDATA[running from tc1]]>
  </system-out>
  <testcase classname="Grow_testng.Test_ng_keywords" name="tc3" time="0.001"/>
  <system-out>
    <![CDATA[rUNNING FROM TC3]]>
  </system-out>
  <testcase classname="Grow_testng.Test_ng_keywords" name="tc3" time="0.001"/>
  <system-out>
    <![CDATA[rUNNING FROM TC3]]>
  </system-out>
  <testcase classname="Grow_testng.Test_ng_keywords" name="tc1" time="0.002"/>
  <system-out>
    <![CDATA[running from tc1]]>
  </system-out>
  <testcase classname="Grow_testng.Test_ng_keywords" name="tc1" time="0.001"/>
  <system-out>
    <![CDATA[running from tc1]]>
  </system-out>
  <testcase classname="Grow_testng.Test_ng_keywords" name="tc2" time="0.001"/>
  <system-out>
    <![CDATA[running from tc2]]>
  </system-out>
  <testcase classname="Grow_testng.Test_ng_keywords" name="tc2" time="0.001"/>
  <system-out>
    <![CDATA[running from tc2]]>
  </system-out>
  <testcase classname="Grow_testng.Test_ng_keywords" name="tc1" time="0.002"/>
  <system-out>
    <![CDATA[running from tc1]]>
  </system-out>
  <testcase classname="Grow_testng.Test_ng_keywords" name="tc2" time="0.001"/>
  <system-out>
    <![CDATA[running from tc2]]>
  </system-out>
  <testcase classname="Grow_testng.Test_ng_keywords" name="tc1" time="0.001"/>
  <system-out>
    <![CDATA[running from tc1]]>
  </system-out>
  <testcase classname="Grow_testng.Test_ng_keywords" name="tc1" time="0.001"/>
  <system-out>
    <![CDATA[running from tc1]]>
  </system-out>
  <testcase classname="Grow_testng.Test_ng_keywords" name="tc2" time="0.001"/>
  <system-out>
    <![CDATA[running from tc2]]>
  </system-out>
  <testcase classname="Grow_testng.Test_ng_keywords" name="tc1" time="0.001"/>
  <system-out>
    <![CDATA[running from tc1]]>
  </system-out>
  <testcase classname="Grow_testng.Test_ng_keywords" name="tc1" time="0.002"/>
  <system-out>
    <![CDATA[running from tc1]]>
  </system-out>
  <testcase classname="Grow_testng.Test_ng_keywords" name="tc1" time="0.000"/>
  <system-out>
    <![CDATA[running from tc1]]>
  </system-out>
  <testcase classname="Grow_testng.Test_ng_keywords" name="tc2" time="0.001"/>
  <system-out>
    <![CDATA[running from tc2]]>
  </system-out>
</testsuite> <!-- Grow_testng.Test_ng_keywords -->
