<?xml version="1.0" encoding="UTF-8"?>
<!-- Generated by org.testng.reporters.JUnitReportReporter -->
<testsuite hostname="Ankushkumar" failures="0" tests="1" name="Testng.Sample1" time="0.013" errors="0" timestamp="2022-05-19T00:55:33 IST" skipped="0">
  <testcase classname="Testng.Sample1" name="run" time="0.013"/>
  <system-out>
    <![CDATA[report
report]]>
  </system-out>
</testsuite> <!-- Testng.Sample1 -->
