<?xml version="1.0" encoding="UTF-8"?>
<!-- Generated by org.testng.reporters.JUnitReportReporter -->
<testsuite hostname="Ankushkumar" failures="0" tests="1" name="Test_Ng.Testng_Test_class" time="0.000" errors="0" timestamp="2022-06-21T23:29:04 IST" skipped="0">
  <testcase classname="Test_Ng.Testng_Test_class" name="m1" time="0.000"/>
  <system-out>
    <![CDATA[hii]]>
  </system-out>
</testsuite> <!-- Test_Ng.Testng_Test_class -->
