<?xml version="1.0" encoding="UTF-8"?>
<!-- Generated by org.testng.reporters.JUnitReportReporter -->
<testsuite hostname="Ankushkumar" failures="0" tests="3" name="Test_Ng.Hard_Assert" time="0.009" errors="0" timestamp="2022-07-07T18:57:22 IST" skipped="0">
  <testcase classname="Test_Ng.Hard_Assert" name="t1" time="0.007"/>
  <system-out>
    <![CDATA[running tc 1]]>
  </system-out>
  <testcase classname="Test_Ng.Hard_Assert" name="tc2" time="0.002"/>
  <system-out/>
  <testcase classname="Test_Ng.Hard_Assert" name="tc3" time="0.000"/>
  <system-out/>
</testsuite> <!-- Test_Ng.Hard_Assert -->
